[2020-05-08 03:14:16.38] Plugin booted up, the server paste was created for debugging, reporting errors and data-recovery: https://paste.ubuntu.com/p/grBXTsmY7z/
[2020-05-08 03:34:50.475] Plugin booted up, the server paste was created for debugging, reporting errors and data-recovery: https://paste.ubuntu.com/p/SZwrCKzHKD/
[2020-05-08 03:36:19.529] Plugin booted up, the server paste was created for debugging, reporting errors and data-recovery: https://paste.ubuntu.com/p/mjsrHZWCgK/
[2020-05-08 03:41:20.433] Plugin booted up, the server paste was created for debugging, reporting errors and data-recovery: https://paste.ubuntu.com/p/XMGpkNtbJd/
[2020-05-08 03:45:30.488] Plugin booted up, the server paste was created for debugging, reporting errors and data-recovery: https://paste.ubuntu.com/p/7XWqhR24Tx/
[2020-05-08 03:47:10.362] Plugin booted up, the server paste was created for debugging, reporting errors and data-recovery: https://paste.ubuntu.com/p/Qq5JgXfgCZ/
[2020-05-08 03:49:32.271] Plugin booted up, the server paste was created for debugging, reporting errors and data-recovery: https://paste.ubuntu.com/p/26y6MjGKyx/
[2020-05-08 03:50:59.732] Plugin booted up, the server paste was created for debugging, reporting errors and data-recovery: https://paste.ubuntu.com/p/fXvXsm6ZYn/
[2020-05-08 03:53:45.344] Plugin booted up, the server paste was created for debugging, reporting errors and data-recovery: https://paste.ubuntu.com/p/tjGn9yMfDN/
[2020-05-08 03:56:06.422] Plugin booted up, the server paste was created for debugging, reporting errors and data-recovery: https://paste.ubuntu.com/p/hbRhPTRJHJ/
[2020-05-08 04:00:34.532] Plugin booted up, the server paste was created for debugging, reporting errors and data-recovery: https://paste.ubuntu.com/p/ydphnm94Xc/
[2020-05-08 07:05:23.147] Plugin booted up, the server paste was created for debugging, reporting errors and data-recovery: https://paste.ubuntu.com/p/tydQQrxgqd/
[2020-05-08 07:09:10.969] Plugin booted up, the server paste was created for debugging, reporting errors and data-recovery: https://paste.ubuntu.com/p/ky5cMxx6sK/
[2020-05-08 07:11:26.47] Plugin booted up, the server paste was created for debugging, reporting errors and data-recovery: https://paste.ubuntu.com/p/Dk3GvFthtx/
[2020-05-08 07:13:02.773] Plugin booted up, the server paste was created for debugging, reporting errors and data-recovery: https://paste.ubuntu.com/p/ckWGzdF3Wp/
[2020-05-08 07:13:30.366] Plugin booted up, the server paste was created for debugging, reporting errors and data-recovery: https://paste.ubuntu.com/p/C7XfRnMqWG/
[2020-05-08 07:15:08.659] Plugin booted up, the server paste was created for debugging, reporting errors and data-recovery: https://paste.ubuntu.com/p/wtXwYdsPW4/
[2020-05-08 07:22:52.824] Plugin booted up, the server paste was created for debugging, reporting errors and data-recovery: https://paste.ubuntu.com/p/m4Myg2Cbtp/
[2020-05-08 07:26:44.499] Plugin booted up, the server paste was created for debugging, reporting errors and data-recovery: https://paste.ubuntu.com/p/K9Mq4p8ky5/
[2020-05-08 07:35:35.416] Plugin booted up, the server paste was created for debugging, reporting errors and data-recovery: https://paste.ubuntu.com/p/PCFbkmGDZ7/
[2020-05-08 07:38:50.898] Plugin booted up, the server paste was created for debugging, reporting errors and data-recovery: https://paste.ubuntu.com/p/s82cYrDJ3T/
[2020-05-08 07:45:19.723] Plugin booted up, the server paste was created for debugging, reporting errors and data-recovery: https://paste.ubuntu.com/p/m3jTgbFqbf/
[2020-05-08 07:46:36.892] Plugin booted up, the server paste was created for debugging, reporting errors and data-recovery: https://paste.ubuntu.com/p/dh8SqTdt37/
[2020-05-08 07:57:54.653] Plugin booted up, the server paste was created for debugging, reporting errors and data-recovery: https://paste.ubuntu.com/p/BDCS4jckTc/
[2020-05-08 08:12:24.804] Plugin booted up, the server paste was created for debugging, reporting errors and data-recovery: https://paste.ubuntu.com/p/sxYy4XWxRR/
[2020-05-08 08:14:41.763] Plugin booted up, the server paste was created for debugging, reporting errors and data-recovery: https://paste.ubuntu.com/p/8BRqcMkm9Q/
[2020-05-08 08:17:16.103] Plugin booted up, the server paste was created for debugging, reporting errors and data-recovery: https://paste.ubuntu.com/p/hDv5hDPsny/
[2020-05-08 08:21:31.757] Plugin booted up, the server paste was created for debugging, reporting errors and data-recovery: https://paste.ubuntu.com/p/WCxQtV7Hbj/
[2020-05-08 08:24:34.207] Plugin booted up, the server paste was created for debugging, reporting errors and data-recovery: https://paste.ubuntu.com/p/wFfzx3TfG6/
[2020-05-08 09:49:40.482] Plugin booted up, the server paste was created for debugging, reporting errors and data-recovery: https://paste.ubuntu.com/p/2DPzR7Q9yh/
[2020-05-08 09:50:52.777] Plugin booted up, the server paste was created for debugging, reporting errors and data-recovery: https://paste.ubuntu.com/p/6CgGdzdctW/
[2020-05-08 09:55:56.527] Plugin booted up, the server paste was created for debugging, reporting errors and data-recovery: https://paste.ubuntu.com/p/ny6qnNw425/
[2020-05-08 09:59:12.021] Plugin booted up, the server paste was created for debugging, reporting errors and data-recovery: https://paste.ubuntu.com/p/wWPzj4PXdH/
[2020-05-08 10:04:47.776] Plugin booted up, the server paste was created for debugging, reporting errors and data-recovery: https://paste.ubuntu.com/p/RPJHqbCyWT/
[2020-05-08 10:15:36.699] Plugin booted up, the server paste was created for debugging, reporting errors and data-recovery: https://paste.ubuntu.com/p/jS6ygy8Z3T/
[2020-05-08 10:19:56.859] Plugin booted up, the server paste was created for debugging, reporting errors and data-recovery: https://paste.ubuntu.com/p/CpjbGxvhCP/
[2020-05-08 10:23:00.751] Plugin booted up, the server paste was created for debugging, reporting errors and data-recovery: https://paste.ubuntu.com/p/29x87G3VMG/
[2020-05-08 10:24:11.324] Plugin booted up, the server paste was created for debugging, reporting errors and data-recovery: https://paste.ubuntu.com/p/v7bbfgkgkd/
[2020-05-08 21:37:41.282] Plugin booted up, the server paste was created for debugging, reporting errors and data-recovery: https://paste.ubuntu.com/p/4VwYQBwT2S/
[2020-05-08 21:52:52.831] Plugin booted up, the server paste was created for debugging, reporting errors and data-recovery: https://paste.ubuntu.com/p/BBKG3WHQyx/
[2020-05-08 21:59:03.803] Plugin booted up, the server paste was created for debugging, reporting errors and data-recovery: https://paste.ubuntu.com/p/PrF5wwg5d3/
[2020-05-08 22:03:17.899] Plugin booted up, the server paste was created for debugging, reporting errors and data-recovery: https://paste.ubuntu.com/p/fyz3vCXm9Z/
[2020-05-08 22:23:43.794] Plugin booted up, the server paste was created for debugging, reporting errors and data-recovery: https://paste.ubuntu.com/p/b6g84TFzQ5/
[2020-05-08 22:49:26.891] Plugin booted up, the server paste was created for debugging, reporting errors and data-recovery: https://paste.ubuntu.com/p/dQKX3ZKnXQ/
[2020-05-08 22:53:09.297] Plugin booted up, the server paste was created for debugging, reporting errors and data-recovery: https://paste.ubuntu.com/p/KhMKt6GHdn/
[2020-05-08 23:17:15.74] Plugin booted up, the server paste was created for debugging, reporting errors and data-recovery: https://paste.ubuntu.com/p/jgRFB8HgBj/
[2020-05-08 23:39:17.647] Plugin booted up, the server paste was created for debugging, reporting errors and data-recovery: https://paste.ubuntu.com/p/VfDtqxFKqv/
[2020-05-08 23:40:56.77] Plugin booted up, the server paste was created for debugging, reporting errors and data-recovery: https://paste.ubuntu.com/p/QxqGfm2PDW/
[2020-05-08 23:43:27.065] Plugin booted up, the server paste was created for debugging, reporting errors and data-recovery: https://paste.ubuntu.com/p/QnrTZTwbZz/
[2020-05-08 23:44:27.922] Plugin booted up, the server paste was created for debugging, reporting errors and data-recovery: https://paste.ubuntu.com/p/QSdctw7GnR/
[2020-05-08 23:48:03.841] Plugin booted up, the server paste was created for debugging, reporting errors and data-recovery: https://paste.ubuntu.com/p/9CYTKSCPV5/
[2020-05-08 23:51:15.543] Plugin booted up, the server paste was created for debugging, reporting errors and data-recovery: https://paste.ubuntu.com/p/NJv98w8NBQ/
[2020-05-08 23:55:57.734] Plugin booted up, the server paste was created for debugging, reporting errors and data-recovery: https://paste.ubuntu.com/p/hZtQ6wJYBX/
[2020-05-08 23:59:59.381] Plugin booted up, the server paste was created for debugging, reporting errors and data-recovery: https://paste.ubuntu.com/p/WVNKPkgdzc/
[2020-05-09 01:32:46.915] Plugin booted up, the server paste was created for debugging, reporting errors and data-recovery: https://paste.ubuntu.com/p/ZkgJ5z5zPv/
[2020-05-09 03:24:56.584] Plugin booted up, the server paste was created for debugging, reporting errors and data-recovery: https://paste.ubuntu.com/p/trvTB5wqWP/
[2020-05-09 03:41:12.791] Plugin booted up, the server paste was created for debugging, reporting errors and data-recovery: https://paste.ubuntu.com/p/KnFhc8CzrB/
[2020-05-09 03:44:49.834] Plugin booted up, the server paste was created for debugging, reporting errors and data-recovery: https://paste.ubuntu.com/p/pYgcBbVDwK/
[2020-05-09 03:52:38.547] Plugin booted up, the server paste was created for debugging, reporting errors and data-recovery: https://paste.ubuntu.com/p/THWMPjSfCt/
[2020-05-09 04:28:04.009] Plugin booted up, the server paste was created for debugging, reporting errors and data-recovery: https://paste.ubuntu.com/p/GYcqYKwrHV/
[2020-05-09 04:57:47.94] Plugin booted up, the server paste was created for debugging, reporting errors and data-recovery: https://paste.ubuntu.com/p/kQBkVDJrys/
[2020-05-09 04:59:24.673] Plugin booted up, the server paste was created for debugging, reporting errors and data-recovery: https://paste.ubuntu.com/p/XvqbTRmvrd/
[2020-05-09 05:06:14.53] Plugin booted up, the server paste was created for debugging, reporting errors and data-recovery: https://paste.ubuntu.com/p/zqQnVNMJmB/
[2020-05-09 05:10:12.1] Plugin booted up, the server paste was created for debugging, reporting errors and data-recovery: https://paste.ubuntu.com/p/3zCV5rssYP/
[2020-05-09 05:14:23.589] Plugin booted up, the server paste was created for debugging, reporting errors and data-recovery: https://paste.ubuntu.com/p/fWfBvpq8hC/
[2020-05-09 05:15:29.781] Plugin booted up, the server paste was created for debugging, reporting errors and data-recovery: https://paste.ubuntu.com/p/HNBWYYVs7t/
[2020-05-09 05:15:58.01] Plugin booted up, the server paste was created for debugging, reporting errors and data-recovery: https://paste.ubuntu.com/p/k83VkwmsZg/
[2020-05-09 05:42:16.173] Plugin booted up, the server paste was created for debugging, reporting errors and data-recovery: https://paste.ubuntu.com/p/NRDcRgPBFq/
[2020-05-09 05:42:58.66] Plugin booted up, the server paste was created for debugging, reporting errors and data-recovery: https://paste.ubuntu.com/p/SdVSCmgsMv/
[2020-05-09 17:15:47.002] Plugin booted up, the server paste was created for debugging, reporting errors and data-recovery: https://paste.ubuntu.com/p/tFCVj78x4v/
[2020-05-09 17:21:46.693] Plugin booted up, the server paste was created for debugging, reporting errors and data-recovery: https://paste.ubuntu.com/p/dftPz75FTr/
[2020-05-10 00:05:10.631] Plugin booted up, the server paste was created for debugging, reporting errors and data-recovery: https://paste.ubuntu.com/p/khmjRWm2Rr/
[2020-05-10 00:59:14.649] Plugin booted up, the server paste was created for debugging, reporting errors and data-recovery: https://paste.ubuntu.com/p/ncW9h5KXxZ/
[2020-05-10 01:05:10.303] Plugin booted up, the server paste was created for debugging, reporting errors and data-recovery: https://paste.ubuntu.com/p/rMWxwrVHx8/
[2020-05-10 01:08:05.599] Plugin booted up, the server paste was created for debugging, reporting errors and data-recovery: https://paste.ubuntu.com/p/4QQKZc2C57/
[2020-05-10 01:17:37.124] Plugin booted up, the server paste was created for debugging, reporting errors and data-recovery: https://paste.ubuntu.com/p/jXx44sSPv2/
[2020-05-10 01:24:07.357] Plugin booted up, the server paste was created for debugging, reporting errors and data-recovery: https://paste.ubuntu.com/p/tGbcVYYVzR/
[2020-05-10 01:25:12.771] Plugin booted up, the server paste was created for debugging, reporting errors and data-recovery: https://paste.ubuntu.com/p/P3s72mfnWP/
[2020-05-10 01:26:00.858] Plugin booted up, the server paste was created for debugging, reporting errors and data-recovery: https://paste.ubuntu.com/p/tcfscs5kc6/
[2020-05-10 01:26:28.417] Plugin booted up, the server paste was created for debugging, reporting errors and data-recovery: https://paste.ubuntu.com/p/d4jcPx8xky/
[2020-05-10 01:45:38.066] Plugin booted up, the server paste was created for debugging, reporting errors and data-recovery: https://paste.ubuntu.com/p/m4mKDxJDhY/
[2020-05-10 02:09:16.198] Plugin booted up, the server paste was created for debugging, reporting errors and data-recovery: https://paste.ubuntu.com/p/PhBPFhfRd4/
[2020-05-10 02:10:59.484] Plugin booted up, the server paste was created for debugging, reporting errors and data-recovery: https://paste.ubuntu.com/p/JG9FwN5266/
[2020-05-10 02:31:24.289] Plugin booted up, the server paste was created for debugging, reporting errors and data-recovery: https://paste.ubuntu.com/p/q3vw7y82g2/
[2020-05-10 02:35:03.043] Plugin booted up, the server paste was created for debugging, reporting errors and data-recovery: https://paste.ubuntu.com/p/hs9CKZVDCW/
[2020-05-10 02:37:40.86] Plugin booted up, the server paste was created for debugging, reporting errors and data-recovery: https://paste.ubuntu.com/p/5Cwyf9tw4j/
[2020-05-10 02:43:14.851] Plugin booted up, the server paste was created for debugging, reporting errors and data-recovery: https://paste.ubuntu.com/p/kjRv3P3XyN/
[2020-05-10 02:43:36.791] Plugin booted up, the server paste was created for debugging, reporting errors and data-recovery: https://paste.ubuntu.com/p/ZKyDS7vM2D/
[2020-05-10 02:44:57.069] Plugin booted up, the server paste was created for debugging, reporting errors and data-recovery: https://paste.ubuntu.com/p/gKdwY9pqKT/
[2020-05-10 02:54:16.481] Plugin booted up, the server paste was created for debugging, reporting errors and data-recovery: https://paste.ubuntu.com/p/nvDY4SQVwT/
[2020-05-10 02:57:29.389] Plugin booted up, the server paste was created for debugging, reporting errors and data-recovery: https://paste.ubuntu.com/p/tpdnfqcrs7/
[2020-05-10 03:02:38.992] Plugin booted up, the server paste was created for debugging, reporting errors and data-recovery: https://paste.ubuntu.com/p/ptMdkJ9wjk/
[2020-05-10 03:10:02.192] Plugin booted up, the server paste was created for debugging, reporting errors and data-recovery: https://paste.ubuntu.com/p/RHfdqTghmM/
[2020-05-10 04:15:53.44] Plugin booted up, the server paste was created for debugging, reporting errors and data-recovery: https://paste.ubuntu.com/p/fs5YwtFNxz/
[2020-05-10 04:19:45.946] Plugin booted up, the server paste was created for debugging, reporting errors and data-recovery: https://paste.ubuntu.com/p/4QZMDw7hPR/
[2020-05-10 04:21:44.693] Plugin booted up, the server paste was created for debugging, reporting errors and data-recovery: https://paste.ubuntu.com/p/MQgwTMfD5k/
[2020-05-10 04:22:54.349] Plugin booted up, the server paste was created for debugging, reporting errors and data-recovery: https://paste.ubuntu.com/p/QYcJdz97hZ/
[2020-05-10 04:24:13.852] Plugin booted up, the server paste was created for debugging, reporting errors and data-recovery: https://paste.ubuntu.com/p/V4Vxhf558X/
[2020-05-10 05:34:22.861] Plugin booted up, the server paste was created for debugging, reporting errors and data-recovery: https://paste.ubuntu.com/p/h5FFycb248/
[2020-05-10 16:44:32.406] Plugin booted up, the server paste was created for debugging, reporting errors and data-recovery: https://paste.ubuntu.com/p/Q4SVNCKtFz/
[2020-05-12 17:26:36.943] Plugin booted up, the server paste was created for debugging, reporting errors and data-recovery: https://paste.ubuntu.com/p/4RCFrqwGCh/
[2020-05-12 17:34:31.646] Plugin booted up, the server paste was created for debugging, reporting errors and data-recovery: https://paste.ubuntu.com/p/9prhT3Ksc4/
